

Started GET "/" for ::1 at 2015-11-20 13:48:36 -0700
Processing by Rails::WelcomeController#index as HTML
  Rendered /Users/davincicoder/.rvm/gems/ruby-2.2.3@global/gems/railties-4.2.4/lib/rails/templates/rails/welcome/index.html.erb (3.3ms)
Completed 200 OK in 27ms (Views: 26.3ms | ActiveRecord: 0.0ms)


Started GET "/url" for ::1 at 2015-11-20 13:48:41 -0700

ActionController::RoutingError (No route matches [GET] "/url"):
  actionpack (4.2.4) lib/action_dispatch/middleware/debug_exceptions.rb:21:in `call'
  web-console (2.2.1) lib/web_console/middleware.rb:39:in `call'
  actionpack (4.2.4) lib/action_dispatch/middleware/show_exceptions.rb:30:in `call'
  railties (4.2.4) lib/rails/rack/logger.rb:38:in `call_app'
  railties (4.2.4) lib/rails/rack/logger.rb:20:in `block in call'
  activesupport (4.2.4) lib/active_support/tagged_logging.rb:68:in `block in tagged'
  activesupport (4.2.4) lib/active_support/tagged_logging.rb:26:in `tagged'
  activesupport (4.2.4) lib/active_support/tagged_logging.rb:68:in `tagged'
  railties (4.2.4) lib/rails/rack/logger.rb:20:in `call'
  quiet_assets (1.1.0) lib/quiet_assets.rb:27:in `call_with_quiet_assets'
  actionpack (4.2.4) lib/action_dispatch/middleware/request_id.rb:21:in `call'
  rack (1.6.4) lib/rack/methodoverride.rb:22:in `call'
  rack (1.6.4) lib/rack/runtime.rb:18:in `call'
  activesupport (4.2.4) lib/active_support/cache/strategy/local_cache_middleware.rb:28:in `call'
  rack (1.6.4) lib/rack/lock.rb:17:in `call'
  actionpack (4.2.4) lib/action_dispatch/middleware/static.rb:116:in `call'
  rack (1.6.4) lib/rack/sendfile.rb:113:in `call'
  railties (4.2.4) lib/rails/engine.rb:518:in `call'
  railties (4.2.4) lib/rails/application.rb:165:in `call'
  rack (1.6.4) lib/rack/lock.rb:17:in `call'
  rack (1.6.4) lib/rack/content_length.rb:15:in `call'
  rack (1.6.4) lib/rack/handler/webrick.rb:88:in `service'
  /Users/davincicoder/.rvm/rubies/ruby-2.2.3/lib/ruby/2.2.0/webrick/httpserver.rb:138:in `service'
  /Users/davincicoder/.rvm/rubies/ruby-2.2.3/lib/ruby/2.2.0/webrick/httpserver.rb:94:in `run'
  /Users/davincicoder/.rvm/rubies/ruby-2.2.3/lib/ruby/2.2.0/webrick/server.rb:294:in `block in start_thread'


  Rendered /Users/davincicoder/.rvm/gems/ruby-2.2.3@global/gems/actionpack-4.2.4/lib/action_dispatch/middleware/templates/rescues/_trace.html.erb (3.0ms)
  Rendered /Users/davincicoder/.rvm/gems/ruby-2.2.3@global/gems/actionpack-4.2.4/lib/action_dispatch/middleware/templates/routes/_table.html.erb (15.5ms)
  Rendered /Users/davincicoder/.rvm/gems/ruby-2.2.3@global/gems/actionpack-4.2.4/lib/action_dispatch/middleware/templates/rescues/_request_and_response.html.erb (30.2ms)
  Rendered /Users/davincicoder/.rvm/gems/ruby-2.2.3@global/gems/actionpack-4.2.4/lib/action_dispatch/middleware/templates/rescues/routing_error.html.erb within rescues/layout (201.4ms)
  Rendered /Users/davincicoder/.rvm/gems/ruby-2.2.3@webstats/gems/web-console-2.2.1/lib/web_console/templates/_markup.html.erb (0.8ms)
  Rendered /Users/davincicoder/.rvm/gems/ruby-2.2.3@webstats/gems/web-console-2.2.1/lib/web_console/templates/_inner_console_markup.html.erb within layouts/inlined_string (0.5ms)
  Rendered /Users/davincicoder/.rvm/gems/ruby-2.2.3@webstats/gems/web-console-2.2.1/lib/web_console/templates/_prompt_box_markup.html.erb within layouts/inlined_string (0.6ms)
  Rendered /Users/davincicoder/.rvm/gems/ruby-2.2.3@webstats/gems/web-console-2.2.1/lib/web_console/templates/style.css.erb within layouts/inlined_string (0.6ms)
  Rendered /Users/davincicoder/.rvm/gems/ruby-2.2.3@webstats/gems/web-console-2.2.1/lib/web_console/templates/console.js.erb within layouts/javascript (111.3ms)
  Rendered /Users/davincicoder/.rvm/gems/ruby-2.2.3@webstats/gems/web-console-2.2.1/lib/web_console/templates/main.js.erb within layouts/javascript (0.5ms)
  Rendered /Users/davincicoder/.rvm/gems/ruby-2.2.3@webstats/gems/web-console-2.2.1/lib/web_console/templates/error_page.js.erb within layouts/javascript (0.8ms)
  Rendered /Users/davincicoder/.rvm/gems/ruby-2.2.3@webstats/gems/web-console-2.2.1/lib/web_console/templates/index.html.erb (278.7ms)
  [1m[36m (2.2ms)[0m  [1mCREATE TABLE "schema_migrations" ("version" varchar NOT NULL) [0m
  [1m[35m (0.2ms)[0m  select sqlite_version(*)
  [1m[36m (2.9ms)[0m  [1mCREATE UNIQUE INDEX "unique_schema_migrations" ON "schema_migrations" ("version")[0m
  [1m[35mActiveRecord::SchemaMigration Load (0.3ms)[0m  SELECT "schema_migrations".* FROM "schema_migrations"
Migrating to CreateSites (20151120205530)
  [1m[36m (0.1ms)[0m  [1mbegin transaction[0m
  [1m[35m (0.6ms)[0m  CREATE TABLE "sites" ("id" INTEGER PRIMARY KEY AUTOINCREMENT NOT NULL, "url" varchar, "created_at" datetime NOT NULL, "updated_at" datetime NOT NULL) 
  [1m[36mSQL (0.3ms)[0m  [1mINSERT INTO "schema_migrations" ("version") VALUES (?)[0m  [["version", "20151120205530"]]
  [1m[35m (2.3ms)[0m  commit transaction
  [1m[36mActiveRecord::SchemaMigration Load (0.1ms)[0m  [1mSELECT "schema_migrations".* FROM "schema_migrations"[0m


Started GET "/" for ::1 at 2015-11-20 14:05:17 -0700
  [1m[36mActiveRecord::SchemaMigration Load (0.2ms)[0m  [1mSELECT "schema_migrations".* FROM "schema_migrations"[0m
Processing by Rails::WelcomeController#index as HTML
  Rendered /Users/davincicoder/.rvm/gems/ruby-2.2.3@global/gems/railties-4.2.4/lib/rails/templates/rails/welcome/index.html.erb (5.1ms)
Completed 200 OK in 332ms (Views: 332.0ms | ActiveRecord: 0.0ms)


Started GET "/sites" for ::1 at 2015-11-20 14:05:24 -0700
Processing by SitesController#index as HTML
  [1m[35mSite Load (0.3ms)[0m  SELECT "sites".* FROM "sites"
  Rendered sites/index.html.erb within layouts/application (3.5ms)
Completed 500 Internal Server Error in 6258ms (ActiveRecord: 0.4ms)

ActionView::Template::Error (couldn't find file 'turbolinks' with type 'application/javascript'):
    14:   <![endif]-->
    15: 
    16:   <%= stylesheet_link_tag    'application', media: 'all', 'data-turbolinks-track' => true %>
    17:   <%= javascript_include_tag 'application', 'data-turbolinks-track' => true %>
    18:   <%= csrf_meta_tags %>
    19: </head>
    20: <body>
  app/assets/javascripts/application.js:15
  app/views/layouts/application.html.erb:17:in `_app_views_layouts_application_html_erb___1068772292883419016_70201582870440'


  Rendered /Users/davincicoder/.rvm/gems/ruby-2.2.3@global/gems/actionpack-4.2.4/lib/action_dispatch/middleware/templates/rescues/_source.erb (22.5ms)
  Rendered /Users/davincicoder/.rvm/gems/ruby-2.2.3@global/gems/actionpack-4.2.4/lib/action_dispatch/middleware/templates/rescues/_trace.html.erb (9.0ms)
  Rendered /Users/davincicoder/.rvm/gems/ruby-2.2.3@global/gems/actionpack-4.2.4/lib/action_dispatch/middleware/templates/rescues/_request_and_response.html.erb (77.5ms)
  Rendered /Users/davincicoder/.rvm/gems/ruby-2.2.3@global/gems/actionpack-4.2.4/lib/action_dispatch/middleware/templates/rescues/template_error.html.erb within rescues/layout (260.6ms)
  Rendered /Users/davincicoder/.rvm/gems/ruby-2.2.3@webstats/gems/web-console-2.2.1/lib/web_console/templates/_markup.html.erb (0.6ms)
  Rendered /Users/davincicoder/.rvm/gems/ruby-2.2.3@webstats/gems/web-console-2.2.1/lib/web_console/templates/_inner_console_markup.html.erb within layouts/inlined_string (1.4ms)
  Rendered /Users/davincicoder/.rvm/gems/ruby-2.2.3@webstats/gems/web-console-2.2.1/lib/web_console/templates/_prompt_box_markup.html.erb within layouts/inlined_string (0.9ms)
  Rendered /Users/davincicoder/.rvm/gems/ruby-2.2.3@webstats/gems/web-console-2.2.1/lib/web_console/templates/style.css.erb within layouts/inlined_string (0.8ms)
  Rendered /Users/davincicoder/.rvm/gems/ruby-2.2.3@webstats/gems/web-console-2.2.1/lib/web_console/templates/console.js.erb within layouts/javascript (113.5ms)
  Rendered /Users/davincicoder/.rvm/gems/ruby-2.2.3@webstats/gems/web-console-2.2.1/lib/web_console/templates/main.js.erb within layouts/javascript (0.8ms)
  Rendered /Users/davincicoder/.rvm/gems/ruby-2.2.3@webstats/gems/web-console-2.2.1/lib/web_console/templates/error_page.js.erb within layouts/javascript (1.0ms)
  Rendered /Users/davincicoder/.rvm/gems/ruby-2.2.3@webstats/gems/web-console-2.2.1/lib/web_console/templates/index.html.erb (260.9ms)


Started GET "/site" for ::1 at 2015-11-20 14:05:51 -0700

ActionController::RoutingError (No route matches [GET] "/site"):
  actionpack (4.2.4) lib/action_dispatch/middleware/debug_exceptions.rb:21:in `call'
  web-console (2.2.1) lib/web_console/middleware.rb:39:in `call'
  actionpack (4.2.4) lib/action_dispatch/middleware/show_exceptions.rb:30:in `call'
  railties (4.2.4) lib/rails/rack/logger.rb:38:in `call_app'
  railties (4.2.4) lib/rails/rack/logger.rb:20:in `block in call'
  activesupport (4.2.4) lib/active_support/tagged_logging.rb:68:in `block in tagged'
  activesupport (4.2.4) lib/active_support/tagged_logging.rb:26:in `tagged'
  activesupport (4.2.4) lib/active_support/tagged_logging.rb:68:in `tagged'
  railties (4.2.4) lib/rails/rack/logger.rb:20:in `call'
  quiet_assets (1.1.0) lib/quiet_assets.rb:27:in `call_with_quiet_assets'
  actionpack (4.2.4) lib/action_dispatch/middleware/request_id.rb:21:in `call'
  rack (1.6.4) lib/rack/methodoverride.rb:22:in `call'
  rack (1.6.4) lib/rack/runtime.rb:18:in `call'
  activesupport (4.2.4) lib/active_support/cache/strategy/local_cache_middleware.rb:28:in `call'
  rack (1.6.4) lib/rack/lock.rb:17:in `call'
  actionpack (4.2.4) lib/action_dispatch/middleware/static.rb:116:in `call'
  rack (1.6.4) lib/rack/sendfile.rb:113:in `call'
  railties (4.2.4) lib/rails/engine.rb:518:in `call'
  railties (4.2.4) lib/rails/application.rb:165:in `call'
  rack (1.6.4) lib/rack/lock.rb:17:in `call'
  rack (1.6.4) lib/rack/content_length.rb:15:in `call'
  rack (1.6.4) lib/rack/handler/webrick.rb:88:in `service'
  /Users/davincicoder/.rvm/rubies/ruby-2.2.3/lib/ruby/2.2.0/webrick/httpserver.rb:138:in `service'
  /Users/davincicoder/.rvm/rubies/ruby-2.2.3/lib/ruby/2.2.0/webrick/httpserver.rb:94:in `run'
  /Users/davincicoder/.rvm/rubies/ruby-2.2.3/lib/ruby/2.2.0/webrick/server.rb:294:in `block in start_thread'


  Rendered /Users/davincicoder/.rvm/gems/ruby-2.2.3@global/gems/actionpack-4.2.4/lib/action_dispatch/middleware/templates/rescues/_trace.html.erb (2.8ms)
  Rendered /Users/davincicoder/.rvm/gems/ruby-2.2.3@global/gems/actionpack-4.2.4/lib/action_dispatch/middleware/templates/routes/_route.html.erb (2.1ms)
  Rendered /Users/davincicoder/.rvm/gems/ruby-2.2.3@global/gems/actionpack-4.2.4/lib/action_dispatch/middleware/templates/routes/_table.html.erb (27.9ms)
  Rendered /Users/davincicoder/.rvm/gems/ruby-2.2.3@global/gems/actionpack-4.2.4/lib/action_dispatch/middleware/templates/rescues/_request_and_response.html.erb (2.6ms)
  Rendered /Users/davincicoder/.rvm/gems/ruby-2.2.3@global/gems/actionpack-4.2.4/lib/action_dispatch/middleware/templates/rescues/routing_error.html.erb within rescues/layout (213.8ms)
  Rendered /Users/davincicoder/.rvm/gems/ruby-2.2.3@webstats/gems/web-console-2.2.1/lib/web_console/templates/_markup.html.erb (0.8ms)
  Rendered /Users/davincicoder/.rvm/gems/ruby-2.2.3@webstats/gems/web-console-2.2.1/lib/web_console/templates/_inner_console_markup.html.erb within layouts/inlined_string (0.8ms)
  Rendered /Users/davincicoder/.rvm/gems/ruby-2.2.3@webstats/gems/web-console-2.2.1/lib/web_console/templates/_prompt_box_markup.html.erb within layouts/inlined_string (0.5ms)
  Rendered /Users/davincicoder/.rvm/gems/ruby-2.2.3@webstats/gems/web-console-2.2.1/lib/web_console/templates/style.css.erb within layouts/inlined_string (0.7ms)
  Rendered /Users/davincicoder/.rvm/gems/ruby-2.2.3@webstats/gems/web-console-2.2.1/lib/web_console/templates/console.js.erb within layouts/javascript (100.4ms)
  Rendered /Users/davincicoder/.rvm/gems/ruby-2.2.3@webstats/gems/web-console-2.2.1/lib/web_console/templates/main.js.erb within layouts/javascript (0.7ms)
  Rendered /Users/davincicoder/.rvm/gems/ruby-2.2.3@webstats/gems/web-console-2.2.1/lib/web_console/templates/error_page.js.erb within layouts/javascript (0.8ms)
  Rendered /Users/davincicoder/.rvm/gems/ruby-2.2.3@webstats/gems/web-console-2.2.1/lib/web_console/templates/index.html.erb (226.6ms)


Started GET "/sites/new" for ::1 at 2015-11-20 14:05:59 -0700
Processing by SitesController#new as HTML
  Rendered sites/_form.html.erb (779.2ms)
  Rendered sites/new.html.erb within layouts/application (783.5ms)
Completed 500 Internal Server Error in 876ms (ActiveRecord: 0.4ms)

ActionView::Template::Error (couldn't find file 'turbolinks' with type 'application/javascript'):
    14:   <![endif]-->
    15: 
    16:   <%= stylesheet_link_tag    'application', media: 'all', 'data-turbolinks-track' => true %>
    17:   <%= javascript_include_tag 'application', 'data-turbolinks-track' => true %>
    18:   <%= csrf_meta_tags %>
    19: </head>
    20: <body>
  app/assets/javascripts/application.js:15
  app/views/layouts/application.html.erb:17:in `_app_views_layouts_application_html_erb___1068772292883419016_70201582870440'


  Rendered /Users/davincicoder/.rvm/gems/ruby-2.2.3@global/gems/actionpack-4.2.4/lib/action_dispatch/middleware/templates/rescues/_source.erb (15.6ms)
  Rendered /Users/davincicoder/.rvm/gems/ruby-2.2.3@global/gems/actionpack-4.2.4/lib/action_dispatch/middleware/templates/rescues/_trace.html.erb (6.0ms)
  Rendered /Users/davincicoder/.rvm/gems/ruby-2.2.3@global/gems/actionpack-4.2.4/lib/action_dispatch/middleware/templates/rescues/_request_and_response.html.erb (1.5ms)
  Rendered /Users/davincicoder/.rvm/gems/ruby-2.2.3@global/gems/actionpack-4.2.4/lib/action_dispatch/middleware/templates/rescues/template_error.html.erb within rescues/layout (155.4ms)
  Rendered /Users/davincicoder/.rvm/gems/ruby-2.2.3@webstats/gems/web-console-2.2.1/lib/web_console/templates/_markup.html.erb (0.6ms)
  Rendered /Users/davincicoder/.rvm/gems/ruby-2.2.3@webstats/gems/web-console-2.2.1/lib/web_console/templates/_inner_console_markup.html.erb within layouts/inlined_string (0.5ms)
  Rendered /Users/davincicoder/.rvm/gems/ruby-2.2.3@webstats/gems/web-console-2.2.1/lib/web_console/templates/_prompt_box_markup.html.erb within layouts/inlined_string (0.5ms)
  Rendered /Users/davincicoder/.rvm/gems/ruby-2.2.3@webstats/gems/web-console-2.2.1/lib/web_console/templates/style.css.erb within layouts/inlined_string (0.6ms)
  Rendered /Users/davincicoder/.rvm/gems/ruby-2.2.3@webstats/gems/web-console-2.2.1/lib/web_console/templates/console.js.erb within layouts/javascript (97.7ms)
  Rendered /Users/davincicoder/.rvm/gems/ruby-2.2.3@webstats/gems/web-console-2.2.1/lib/web_console/templates/main.js.erb within layouts/javascript (0.4ms)
  Rendered /Users/davincicoder/.rvm/gems/ruby-2.2.3@webstats/gems/web-console-2.2.1/lib/web_console/templates/error_page.js.erb within layouts/javascript (0.7ms)
  Rendered /Users/davincicoder/.rvm/gems/ruby-2.2.3@webstats/gems/web-console-2.2.1/lib/web_console/templates/index.html.erb (218.7ms)


Started GET "/" for ::1 at 2015-11-20 14:07:25 -0700
Processing by Rails::WelcomeController#index as HTML
  Rendered /Users/davincicoder/.rvm/gems/ruby-2.2.3@global/gems/railties-4.2.4/lib/rails/templates/rails/welcome/index.html.erb (0.2ms)
Completed 200 OK in 5ms (Views: 5.2ms | ActiveRecord: 0.0ms)


Started GET "/sites" for ::1 at 2015-11-20 14:07:28 -0700
Processing by SitesController#index as HTML
  [1m[36mSite Load (0.2ms)[0m  [1mSELECT "sites".* FROM "sites"[0m
  Rendered sites/index.html.erb within layouts/application (1.3ms)
Completed 500 Internal Server Error in 86ms (ActiveRecord: 0.2ms)

ActionView::Template::Error (wrong number of arguments (2 for 1)):
    14:   <![endif]-->
    15: 
    16:   <%= stylesheet_link_tag    'application', media: 'all', 'data-turbolinks-track' => true %>
    17:   <%= javascript_include_tag 'application', 'data-turbolinks-track' => true %>
    18:   <%= csrf_meta_tags %>
    19: </head>
    20: <body>
  app/assets/javascripts/application.js:15
  app/views/layouts/application.html.erb:17:in `_app_views_layouts_application_html_erb___1068772292883419016_70201582870440'


  Rendered /Users/davincicoder/.rvm/gems/ruby-2.2.3@global/gems/actionpack-4.2.4/lib/action_dispatch/middleware/templates/rescues/_source.erb (15.7ms)
  Rendered /Users/davincicoder/.rvm/gems/ruby-2.2.3@global/gems/actionpack-4.2.4/lib/action_dispatch/middleware/templates/rescues/_trace.html.erb (5.8ms)
  Rendered /Users/davincicoder/.rvm/gems/ruby-2.2.3@global/gems/actionpack-4.2.4/lib/action_dispatch/middleware/templates/rescues/_request_and_response.html.erb (2.0ms)
  Rendered /Users/davincicoder/.rvm/gems/ruby-2.2.3@global/gems/actionpack-4.2.4/lib/action_dispatch/middleware/templates/rescues/template_error.html.erb within rescues/layout (153.0ms)
  Rendered /Users/davincicoder/.rvm/gems/ruby-2.2.3@webstats/gems/web-console-2.2.1/lib/web_console/templates/_markup.html.erb (0.6ms)
  Rendered /Users/davincicoder/.rvm/gems/ruby-2.2.3@webstats/gems/web-console-2.2.1/lib/web_console/templates/_inner_console_markup.html.erb within layouts/inlined_string (0.6ms)
  Rendered /Users/davincicoder/.rvm/gems/ruby-2.2.3@webstats/gems/web-console-2.2.1/lib/web_console/templates/_prompt_box_markup.html.erb within layouts/inlined_string (0.9ms)
  Rendered /Users/davincicoder/.rvm/gems/ruby-2.2.3@webstats/gems/web-console-2.2.1/lib/web_console/templates/style.css.erb within layouts/inlined_string (0.7ms)
  Rendered /Users/davincicoder/.rvm/gems/ruby-2.2.3@webstats/gems/web-console-2.2.1/lib/web_console/templates/console.js.erb within layouts/javascript (106.9ms)
  Rendered /Users/davincicoder/.rvm/gems/ruby-2.2.3@webstats/gems/web-console-2.2.1/lib/web_console/templates/main.js.erb within layouts/javascript (0.6ms)
  Rendered /Users/davincicoder/.rvm/gems/ruby-2.2.3@webstats/gems/web-console-2.2.1/lib/web_console/templates/error_page.js.erb within layouts/javascript (0.7ms)
  Rendered /Users/davincicoder/.rvm/gems/ruby-2.2.3@webstats/gems/web-console-2.2.1/lib/web_console/templates/index.html.erb (232.0ms)


Started GET "/sites" for ::1 at 2015-11-20 14:08:49 -0700
Processing by SitesController#index as HTML
  [1m[35mSite Load (0.2ms)[0m  SELECT "sites".* FROM "sites"
  Rendered sites/index.html.erb within layouts/application (1.1ms)
Completed 200 OK in 1177ms (Views: 1176.2ms | ActiveRecord: 0.2ms)


Started GET "/sites/new" for ::1 at 2015-11-20 14:08:57 -0700
Processing by SitesController#new as HTML
  Rendered sites/_form.html.erb (5.2ms)
  Rendered sites/new.html.erb within layouts/application (8.8ms)
Completed 200 OK in 302ms (Views: 301.0ms | ActiveRecord: 0.0ms)


Started POST "/sites" for ::1 at 2015-11-20 14:09:03 -0700
Processing by SitesController#create as HTML
  Parameters: {"utf8"=>"✓", "authenticity_token"=>"jDIpPLQLVCDEgJGYHaHxYmIgst8kXEy6txieepjL5RZbiEOdIDuONv9rKfRo8KnJ6jo+d5NVNpjhB6gcwMTpBg==", "site"=>{"url"=>"google.com"}, "commit"=>"Create Site"}
  [1m[36m (0.2ms)[0m  [1mbegin transaction[0m
  [1m[35mSQL (1.1ms)[0m  INSERT INTO "sites" ("url", "created_at", "updated_at") VALUES (?, ?, ?)  [["url", "google.com"], ["created_at", "2015-11-20 21:09:03.986138"], ["updated_at", "2015-11-20 21:09:03.986138"]]
  [1m[36m (2.7ms)[0m  [1mcommit transaction[0m
Redirected to http://localhost:3000/sites/1
Completed 302 Found in 38ms (ActiveRecord: 4.0ms)


Started GET "/sites/1" for ::1 at 2015-11-20 14:09:04 -0700
Processing by SitesController#show as HTML
  Parameters: {"id"=>"1"}
  [1m[35mSite Load (0.3ms)[0m  SELECT  "sites".* FROM "sites" WHERE "sites"."id" = ? LIMIT 1  [["id", 1]]
  Rendered sites/show.html.erb within layouts/application (16.8ms)
Completed 200 OK in 306ms (Views: 259.7ms | ActiveRecord: 0.3ms)


Started GET "/sites/1/edit" for ::1 at 2015-11-20 14:09:18 -0700
Processing by SitesController#edit as HTML
  Parameters: {"id"=>"1"}
  [1m[36mSite Load (0.3ms)[0m  [1mSELECT  "sites".* FROM "sites" WHERE "sites"."id" = ? LIMIT 1[0m  [["id", 1]]
  Rendered sites/_form.html.erb (2.4ms)
  Rendered sites/edit.html.erb within layouts/application (6.4ms)
Completed 200 OK in 215ms (Views: 213.1ms | ActiveRecord: 0.3ms)


Started PATCH "/sites/1" for ::1 at 2015-11-20 14:09:20 -0700
Processing by SitesController#update as HTML
  Parameters: {"utf8"=>"✓", "authenticity_token"=>"80zo5ndC4MMd3djIt/JOIuzhQIGzv7BaMVvBl8vP5T8k9oJH43I61SY2YKTCoxaJZPvMKQS2ynhnRPfxk8DpLw==", "site"=>{"url"=>"google.com"}, "commit"=>"Update Site", "id"=>"1"}
  [1m[35mSite Load (0.2ms)[0m  SELECT  "sites".* FROM "sites" WHERE "sites"."id" = ? LIMIT 1  [["id", 1]]
  [1m[36m (0.1ms)[0m  [1mbegin transaction[0m
  [1m[35m (0.1ms)[0m  commit transaction
Redirected to http://localhost:3000/sites/1
Completed 302 Found in 6ms (ActiveRecord: 0.4ms)


Started GET "/sites/1" for ::1 at 2015-11-20 14:09:20 -0700
Processing by SitesController#show as HTML
  Parameters: {"id"=>"1"}
  [1m[36mSite Load (0.2ms)[0m  [1mSELECT  "sites".* FROM "sites" WHERE "sites"."id" = ? LIMIT 1[0m  [["id", 1]]
  Rendered sites/show.html.erb within layouts/application (0.5ms)
Completed 200 OK in 208ms (Views: 207.2ms | ActiveRecord: 0.2ms)


Started GET "/sites" for ::1 at 2015-11-20 14:09:24 -0700
Processing by SitesController#index as HTML
  [1m[35mSite Load (0.2ms)[0m  SELECT "sites".* FROM "sites"
  Rendered sites/index.html.erb within layouts/application (2.1ms)
Completed 200 OK in 215ms (Views: 214.5ms | ActiveRecord: 0.2ms)


Started GET "/sites/new" for ::1 at 2015-11-20 14:09:26 -0700
Processing by SitesController#new as HTML
  Rendered sites/_form.html.erb (2.8ms)
  Rendered sites/new.html.erb within layouts/application (6.1ms)
Completed 200 OK in 206ms (Views: 205.7ms | ActiveRecord: 0.0ms)


Started POST "/sites" for ::1 at 2015-11-20 14:09:32 -0700
Processing by SitesController#create as HTML
  Parameters: {"utf8"=>"✓", "authenticity_token"=>"IuNHweS7bnswx84fRqvGt/KmLWovXjB8aTRF++OMGm/1WS1gcIu0bQssdnMz+p4ceryhwphXSl4/K3Odu4MWfw==", "site"=>{"url"=>"facebook.com"}, "commit"=>"Create Site"}
  [1m[36m (0.1ms)[0m  [1mbegin transaction[0m
  [1m[35mSQL (0.5ms)[0m  INSERT INTO "sites" ("url", "created_at", "updated_at") VALUES (?, ?, ?)  [["url", "facebook.com"], ["created_at", "2015-11-20 21:09:32.229195"], ["updated_at", "2015-11-20 21:09:32.229195"]]
  [1m[36m (1.9ms)[0m  [1mcommit transaction[0m
Redirected to http://localhost:3000/sites/2
Completed 302 Found in 7ms (ActiveRecord: 2.5ms)


Started GET "/sites/2" for ::1 at 2015-11-20 14:09:32 -0700
Processing by SitesController#show as HTML
  Parameters: {"id"=>"2"}
  [1m[35mSite Load (0.4ms)[0m  SELECT  "sites".* FROM "sites" WHERE "sites"."id" = ? LIMIT 1  [["id", 2]]
  Rendered sites/show.html.erb within layouts/application (0.6ms)
Completed 200 OK in 221ms (Views: 219.6ms | ActiveRecord: 0.4ms)


Started GET "/sites" for ::1 at 2015-11-20 14:09:34 -0700
Processing by SitesController#index as HTML
  [1m[36mSite Load (1.1ms)[0m  [1mSELECT "sites".* FROM "sites"[0m
  Rendered sites/index.html.erb within layouts/application (4.1ms)
Completed 200 OK in 226ms (Views: 224.7ms | ActiveRecord: 1.1ms)


Started GET "/sites/new" for ::1 at 2015-11-20 14:09:35 -0700
Processing by SitesController#new as HTML
  Rendered sites/_form.html.erb (4.8ms)
  Rendered sites/new.html.erb within layouts/application (8.0ms)
Completed 200 OK in 215ms (Views: 214.5ms | ActiveRecord: 0.0ms)


Started POST "/sites" for ::1 at 2015-11-20 14:09:49 -0700
Processing by SitesController#create as HTML
  Parameters: {"utf8"=>"✓", "authenticity_token"=>"/KhogbRfmvVSLw2QHoqTf/EvvJUCLspnflOD0YUrivMrEgIgIG9A42nEtfxr28vUeTUwPbUnsEUoTLW33SSG4w==", "site"=>{"url"=>"seancon.beard"}, "commit"=>"Create Site"}
  [1m[35m (0.1ms)[0m  begin transaction
  [1m[36mSQL (0.6ms)[0m  [1mINSERT INTO "sites" ("url", "created_at", "updated_at") VALUES (?, ?, ?)[0m  [["url", "seancon.beard"], ["created_at", "2015-11-20 21:09:49.607627"], ["updated_at", "2015-11-20 21:09:49.607627"]]
  [1m[35m (1.6ms)[0m  commit transaction
Redirected to http://localhost:3000/sites/3
Completed 302 Found in 8ms (ActiveRecord: 2.4ms)


Started GET "/sites/3" for ::1 at 2015-11-20 14:09:49 -0700
Processing by SitesController#show as HTML
  Parameters: {"id"=>"3"}
  [1m[36mSite Load (0.2ms)[0m  [1mSELECT  "sites".* FROM "sites" WHERE "sites"."id" = ? LIMIT 1[0m  [["id", 3]]
  Rendered sites/show.html.erb within layouts/application (0.7ms)
Completed 200 OK in 223ms (Views: 221.1ms | ActiveRecord: 0.2ms)


Started GET "/sites" for ::1 at 2015-11-20 14:09:51 -0700
Processing by SitesController#index as HTML
  [1m[35mSite Load (0.2ms)[0m  SELECT "sites".* FROM "sites"
  Rendered sites/index.html.erb within layouts/application (3.7ms)
Completed 200 OK in 208ms (Views: 207.8ms | ActiveRecord: 0.2ms)
